-------------------------------------------------------------------------------
Test set: unam.ciencias.computoconcurrente.PrimeNumberCalculatorTest
-------------------------------------------------------------------------------
Tests run: 11, Failures: 6, Errors: 0, Skipped: 0, Time elapsed: 0.001 s <<< FAILURE! - in unam.ciencias.computoconcurrente.PrimeNumberCalculatorTest
isPrimeSequentialBigNumber  Time elapsed: 0 s
isNotPrimeSequentialBigNumber  Time elapsed: 0 s  <<< FAILURE!
org.opentest4j.AssertionFailedError: expected: <false> but was: <true>
	at unam.ciencias.computoconcurrente.PrimeNumberCalculatorTest.isNotPrimeSequentialBigNumber(PrimeNumberCalculatorTest.java:72)

isPrimeConcurrentBigNumber  Time elapsed: 0 s
isPrimeConcurrent  Time elapsed: 0 s
isNotPrimeConcurrent  Time elapsed: 0.001 s  <<< FAILURE!
org.opentest4j.AssertionFailedError: expected: <false> but was: <true>
	at unam.ciencias.computoconcurrente.PrimeNumberCalculatorTest.isNotPrimeConcurrent(PrimeNumberCalculatorTest.java:58)

oneIsNotPrime  Time elapsed: 0 s  <<< FAILURE!
org.opentest4j.AssertionFailedError: expected: <false> but was: <true>
	at unam.ciencias.computoconcurrente.PrimeNumberCalculatorTest.oneIsNotPrime(PrimeNumberCalculatorTest.java:22)

isNotPrimeConcurrentBigNumber  Time elapsed: 0 s  <<< FAILURE!
org.opentest4j.AssertionFailedError: expected: <false> but was: <true>
	at unam.ciencias.computoconcurrente.PrimeNumberCalculatorTest.isNotPrimeConcurrentBigNumber(PrimeNumberCalculatorTest.java:86)

isPrimeSequential  Time elapsed: 0 s
zeroIsNotPrime  Time elapsed: 0 s  <<< FAILURE!
org.opentest4j.AssertionFailedError: expected: <false> but was: <true>
	at unam.ciencias.computoconcurrente.PrimeNumberCalculatorTest.zeroIsNotPrime(PrimeNumberCalculatorTest.java:15)

isNotPrimeSequential  Time elapsed: 0 s  <<< FAILURE!
org.opentest4j.AssertionFailedError: expected: <false> but was: <true>
	at unam.ciencias.computoconcurrente.PrimeNumberCalculatorTest.isNotPrimeSequential(PrimeNumberCalculatorTest.java:44)

negativeIsPrime  Time elapsed: 0 s
