<?xml version="1.0" encoding="UTF-8"?>
<testsuite xmlns:xsi="http://www.w3.org/2001/XMLSchema-instance" xsi:noNamespaceSchemaLocation="https://maven.apache.org/surefire/maven-surefire-plugin/xsd/surefire-test-report.xsd" name="unam.ciencias.computoconcurrente.MatrixUtilsTest" time="0.001" tests="4" errors="0" skipped="0" failures="0">
  <properties>
[...]
</properties>
  <testcase name="findaverageConcurrent2" classname="unam.ciencias.computoconcurrente.MatrixUtilsTest" time="0"/>
  <testcase name="findAverageConcurrent" classname="unam.ciencias.computoconcurrente.MatrixUtilsTest" time="0"/>
  <testcase name="findAverage" classname="unam.ciencias.computoconcurrente.MatrixUtilsTest" time="0"/>
  <testcase name="findAverage2" classname="unam.ciencias.computoconcurrente.MatrixUtilsTest" time="0.001"/>
</testsuite>